<?xml version="1.0" encoding="UTF-8"?>
<testsuites>
  <testsuite name="fastlane.lanes">
    
    
    
      
      <testcase classname="fastlane.lanes" name="0: default_platform" time="0.017041">
        
      </testcase>
    
      
      <testcase classname="fastlane.lanes" name="1: scan" time="95.93731">
        
      </testcase>
    
      
      <testcase classname="fastlane.lanes" name="2: sonar" time="28.412584">
        
          <failure message="/Users/aion/.rbenv/versions/2.3.1/lib/ruby/gems/2.3.0/gems/fastlane-2.125.2/fastlane/lib/fastlane/actions/actions_helper.rb:48:in `execute_action'&#10;/Users/aion/.rbenv/versions/2.3.1/lib/ruby/gems/2.3.0/gems/fastlane-2.125.2/fastlane/lib/fastlane/runner.rb:235:in `block in execute_action'&#10;/Users/aion/.rbenv/versions/2.3.1/lib/ruby/gems/2.3.0/gems/fastlane-2.125.2/fastlane/lib/fastlane/runner.rb:227:in `chdir'&#10;/Users/aion/.rbenv/versions/2.3.1/lib/ruby/gems/2.3.0/gems/fastlane-2.125.2/fastlane/lib/fastlane/runner.rb:227:in `execute_action'&#10;/Users/aion/.rbenv/versions/2.3.1/lib/ruby/gems/2.3.0/gems/fastlane-2.125.2/fastlane/lib/fastlane/runner.rb:157:in `trigger_action_by_name'&#10;/Users/aion/.rbenv/versions/2.3.1/lib/ruby/gems/2.3.0/gems/fastlane-2.125.2/fastlane/lib/fastlane/fast_file.rb:154:in `method_missing'&#10;Fastfile:22:in `block (2 levels) in parsing_binding'&#10;/Users/aion/.rbenv/versions/2.3.1/lib/ruby/gems/2.3.0/gems/fastlane-2.125.2/fastlane/lib/fastlane/lane.rb:33:in `call'&#10;/Users/aion/.rbenv/versions/2.3.1/lib/ruby/gems/2.3.0/gems/fastlane-2.125.2/fastlane/lib/fastlane/runner.rb:49:in `block in execute'&#10;/Users/aion/.rbenv/versions/2.3.1/lib/ruby/gems/2.3.0/gems/fastlane-2.125.2/fastlane/lib/fastlane/runner.rb:45:in `chdir'&#10;/Users/aion/.rbenv/versions/2.3.1/lib/ruby/gems/2.3.0/gems/fastlane-2.125.2/fastlane/lib/fastlane/runner.rb:45:in `execute'&#10;/Users/aion/.rbenv/versions/2.3.1/lib/ruby/gems/2.3.0/gems/fastlane-2.125.2/fastlane/lib/fastlane/lane_manager.rb:56:in `cruise_lane'&#10;/Users/aion/.rbenv/versions/2.3.1/lib/ruby/gems/2.3.0/gems/fastlane-2.125.2/fastlane/lib/fastlane/command_line_handler.rb:36:in `handle'&#10;/Users/aion/.rbenv/versions/2.3.1/lib/ruby/gems/2.3.0/gems/fastlane-2.125.2/fastlane/lib/fastlane/commands_generator.rb:108:in `block (2 levels) in run'&#10;/Users/aion/.rbenv/versions/2.3.1/lib/ruby/gems/2.3.0/gems/commander-fastlane-4.4.6/lib/commander/command.rb:178:in `call'&#10;/Users/aion/.rbenv/versions/2.3.1/lib/ruby/gems/2.3.0/gems/commander-fastlane-4.4.6/lib/commander/command.rb:153:in `run'&#10;/Users/aion/.rbenv/versions/2.3.1/lib/ruby/gems/2.3.0/gems/commander-fastlane-4.4.6/lib/commander/runner.rb:476:in `run_active_command'&#10;/Users/aion/.rbenv/versions/2.3.1/lib/ruby/gems/2.3.0/gems/fastlane-2.125.2/fastlane_core/lib/fastlane_core/ui/fastlane_runner.rb:76:in `run!'&#10;/Users/aion/.rbenv/versions/2.3.1/lib/ruby/gems/2.3.0/gems/commander-fastlane-4.4.6/lib/commander/delegates.rb:15:in `run!'&#10;/Users/aion/.rbenv/versions/2.3.1/lib/ruby/gems/2.3.0/gems/fastlane-2.125.2/fastlane/lib/fastlane/commands_generator.rb:333:in `run'&#10;/Users/aion/.rbenv/versions/2.3.1/lib/ruby/gems/2.3.0/gems/fastlane-2.125.2/fastlane/lib/fastlane/commands_generator.rb:41:in `start'&#10;/Users/aion/.rbenv/versions/2.3.1/lib/ruby/gems/2.3.0/gems/fastlane-2.125.2/fastlane/lib/fastlane/cli_tools_distributor.rb:119:in `take_off'&#10;/Users/aion/.rbenv/versions/2.3.1/lib/ruby/gems/2.3.0/gems/fastlane-2.125.2/bin/fastlane:23:in `&lt;top (required)&gt;'&#10;/Users/aion/.rbenv/versions/2.3.1/bin/fastlane:23:in `load'&#10;/Users/aion/.rbenv/versions/2.3.1/bin/fastlane:23:in `&lt;main&gt;'&#10;&#10;Shell command exited with exit status 1 instead of 0.&#10;INFO: Scanner configuration file: /Users/aion/sonar-scanner/conf/sonar-scanner.properties&#10;INFO: Project root configuration file: /Users/aion/Desktop/Limit_all/Limit/sonar-project.properties&#10;INFO: SonarQube Scanner 3.3.0.1492&#10;INFO: Java 1.8.0_121 Oracle Corporation (64-bit)&#10;INFO: Mac OS X 10.14.5 x86_64&#10;INFO: User cache: /Users/aion/.sonar/cache&#10;INFO: SonarQube server 7.8.0&#10;INFO: Default locale: &quot;ja_JP&quot;, source code encoding: &quot;UTF-8&quot;&#10;INFO: Load global settings&#10;INFO: Load global settings (done) | time=1870ms&#10;INFO: Server id: BD367519-AWHW8ct9-T_TB3XqouNu&#10;INFO: User cache: /Users/aion/.sonar/cache&#10;INFO: Load/download plugins&#10;INFO: Load plugins index&#10;INFO: Load plugins index (done) | time=460ms&#10;INFO: Load/download plugins (done) | time=674ms&#10;INFO: Loaded core extensions: developer-scanner&#10;INFO: Process project properties&#10;INFO: Execute project builders&#10;INFO: Execute project builders (done) | time=4ms&#10;INFO: Project key: maniCreate_Limit&#10;INFO: Base dir: /Users/aion/Desktop/Limit_all/Limit&#10;INFO: Working dir: /Users/aion/Desktop/Limit_all/Limit/.scannerwork&#10;INFO: Load project settings for component key: 'maniCreate_Limit'&#10;INFO: Load project settings for component key: 'maniCreate_Limit' (done) | time=331ms&#10;INFO: Load project branches&#10;INFO: Load project branches (done) | time=306ms&#10;INFO: Load project pull requests&#10;INFO: Load project pull requests (done) | time=401ms&#10;INFO: Load branch configuration&#10;INFO: Load branch configuration (done) | time=3ms&#10;INFO: Load quality profiles&#10;INFO: Load quality profiles (done) | time=808ms&#10;INFO: Load active rules&#10;INFO: Load active rules (done) | time=10836ms&#10;INFO: Indexing files...&#10;INFO: Project configuration:&#10;INFO:   Included sources: Limit/**&#10;INFO: 50 files indexed&#10;INFO: 0 files ignored because of inclusion/exclusion patterns&#10;INFO: 0 files ignored because of scm ignore settings&#10;INFO: Quality profile for swift: Sonar way&#10;INFO: ------------- Run sensors on module maniCreate_Limit&#10;INFO: Load metrics repository&#10;INFO: Load metrics repository (done) | time=397ms&#10;INFO: Sensor JavaXmlSensor [java]&#10;INFO: Sensor JavaXmlSensor [java] (done) | time=1ms&#10;INFO: Sensor HTML [web]&#10;INFO: Sensor HTML [web] (done) | time=18ms&#10;INFO: Sensor SonarSwift [swift]&#10;INFO: 16 source files to be analyzed&#10;INFO: Load project repositories&#10;INFO: Load project repositories (done) | time=338ms&#10;INFO: Sensor SonarSwift [swift] (done) | time=2595ms&#10;INFO: 16/16 source files have been analyzed&#10;INFO: Sensor JaCoCo XML Report Importer [jacoco]&#10;INFO: Sensor JaCoCo XML Report Importer [jacoco] (done) | time=3ms&#10;INFO: Sensor Generic Coverage Report&#10;INFO: Parsing /Users/aion/Desktop/Limit_all/Limit/sonarqube-generic-coverage.xml&#10;INFO: ------------------------------------------------------------------------&#10;INFO: EXECUTION FAILURE&#10;INFO: ------------------------------------------------------------------------&#10;INFO: Total time: 27.534s&#10;INFO: Final Memory: 35M/363M&#10;INFO: ------------------------------------------------------------------------&#10;ERROR: Error during SonarQube Scanner execution&#10;ERROR: Error during parsing of the generic coverage report '/Users/aion/Desktop/Limit_all/Limit/sonarqube-generic-coverage.xml'. Look at SonarQube documentation to know the expected XML format.&#10;ERROR: Caused by: /Users/aion/Desktop/Limit_all/Limit/sonarqube-generic-coverage.xml (No such file or directory)&#10;ERROR: &#10;ERROR: Re-run SonarQube Scanner using the -X switch to enable full debug logging.&#10;" />
        
      </testcase>
    
  </testsuite>
</testsuites>
